<?xml version="1.0" encoding="UTF-8"?>
<!-- Generated by org.testng.reporters.JUnitXMLReporter -->
<testsuite ignored="0" hostname="DESKTOP-61B2RBF" failures="0" tests="4" name="Default test" time="8.362" errors="0" timestamp="2023-12-29T20:07:34 IST">
  <testcase classname="com.api.test.UserTests" name="testPostUser" time="3.845"/>
  <testcase classname="com.api.test.UserTests" name="getUserByName" time="1.346"/>
  <testcase classname="com.api.test.UserTests" name="updateUserByUserName" time="1.528"/>
  <testcase classname="com.api.test.UserTests" name="deleteUserByUserName" time="1.532"/>
</testsuite> <!-- Default test -->
