<?xml version="1.0" encoding="UTF-8"?>
<!-- Generated by org.testng.reporters.JUnitXMLReporter -->
<testsuite ignored="0" hostname="DESKTOP-61B2RBF" failures="0" tests="4" name="demotest" time="8.148" errors="0" timestamp="2023-12-29T22:39:26 IST">
  <testcase classname="com.api.test.UserTests" name="testPostUser" time="3.721"/>
  <testcase classname="com.api.test.UserTests" name="getUserByName" time="1.322"/>
  <testcase classname="com.api.test.UserTests" name="updateUserByUserName" time="1.345"/>
  <testcase classname="com.api.test.UserTests" name="deleteUserByUserName" time="1.316"/>
</testsuite> <!-- demotest -->
