<?xml version="1.0" encoding="UTF-8"?>
<testng-results ignored="0" total="4" passed="4" failed="0" skipped="0">
  <reporter-output>
  </reporter-output>
  <suite started-at="2023-12-29T22:39:18 IST" name="test" finished-at="2023-12-29T22:39:26 IST" duration-ms="8148">
    <groups>
    </groups>
    <test started-at="2023-12-29T22:39:18 IST" name="demotest" finished-at="2023-12-29T22:39:26 IST" duration-ms="8148">
      <class name="com.api.test.UserTests">
        <test-method is-config="true" signature="setupData()[pri:0, instance:com.api.test.UserTests@248e319b]" started-at="2023-12-29T22:39:18 IST" name="setupData" finished-at="2023-12-29T22:39:18 IST" duration-ms="13" status="PASS">
          <reporter-output>
          </reporter-output>
        </test-method> <!-- setupData -->
        <test-method signature="testPostUser()[pri:1, instance:com.api.test.UserTests@248e319b]" started-at="2023-12-29T22:39:18 IST" name="testPostUser" finished-at="2023-12-29T22:39:22 IST" duration-ms="3721" status="PASS">
          <reporter-output>
          </reporter-output>
        </test-method> <!-- testPostUser -->
        <test-method signature="getUserByName()[pri:2, instance:com.api.test.UserTests@248e319b]" started-at="2023-12-29T22:39:22 IST" name="getUserByName" finished-at="2023-12-29T22:39:23 IST" duration-ms="1322" status="PASS">
          <reporter-output>
          </reporter-output>
        </test-method> <!-- getUserByName -->
        <test-method signature="updateUserByUserName()[pri:3, instance:com.api.test.UserTests@248e319b]" started-at="2023-12-29T22:39:23 IST" name="updateUserByUserName" finished-at="2023-12-29T22:39:25 IST" duration-ms="1345" status="PASS">
          <reporter-output>
          </reporter-output>
        </test-method> <!-- updateUserByUserName -->
        <test-method signature="deleteUserByUserName()[pri:4, instance:com.api.test.UserTests@248e319b]" started-at="2023-12-29T22:39:25 IST" name="deleteUserByUserName" finished-at="2023-12-29T22:39:26 IST" duration-ms="1316" status="PASS">
          <reporter-output>
          </reporter-output>
        </test-method> <!-- deleteUserByUserName -->
      </class> <!-- com.api.test.UserTests -->
    </test> <!-- demotest -->
  </suite> <!-- test -->
</testng-results>
